<?xml version="1.0" encoding="UTF-8"?>
<!-- Generated by org.testng.reporters.JUnitXMLReporter -->
<testsuite hostname="DESKTOP-GB0I9V6" name="Test" tests="2" failures="1" timestamp="28 Apr 2019 15:03:54 GMT" time="28.945" errors="0">
  <testcase name="test" time="22.782" classname="com.comein.testCase.Login"/>
  <testcase name="test" time="6.106" classname="com.comein.testCase.UserInfo">
    <failure type="java.lang.NullPointerException">
      <![CDATA[java.lang.NullPointerException
	at com.comein.utils.ExcelUtil.getCellData(ExcelUtil.java:56)
	at com.comein.utils.ReadExcel.ReadExcelValue(ReadExcel.java:42)
	at com.comein.testCase.UserInfo.test(UserInfo.java:30)
... Removed 24 stack frames]]>
    </failure>
  </testcase> <!-- test -->
</testsuite> <!-- Test -->
